<?xml version="1.0" encoding="utf-8"?><testsuites name="pytest tests"><testsuite name="pytest" errors="0" failures="0" skipped="0" tests="28" time="42.045" timestamp="2026-07-04T21:44:49.982204+00:00" hostname="agent-env-cb67616c-8996-4626-a85f-736b429fad33"><testcase classname="backend.tests.test_shoehunter" name="test_dashboard" time="0.226" /><testcase classname="backend.tests.test_shoehunter" name="test_list_products_has_seed" time="0.047" /><testcase classname="backend.tests.test_shoehunter" name="test_get_product_detail" time="0.092" /><testcase classname="backend.tests.test_shoehunter" name="test_manual_product_crud" time="0.180" /><testcase classname="backend.tests.test_shoehunter" name="test_rules_list_and_toggle" time="0.177" /><testcase classname="backend.tests.test_shoehunter" name="test_create_and_delete_rule" time="0.137" /><testcase classname="backend.tests.test_shoehunter" name="test_alerts_list" time="0.053" /><testcase classname="backend.tests.test_shoehunter" name="test_alerts_mark_all_read" time="0.139" /><testcase classname="backend.tests.test_shoehunter" name="test_alert_engine_no_false_alarm_for_out_of_stock_size" time="0.088" /><testcase classname="backend.tests.test_shoehunter" name="test_batch_check_all" time="1.763" /><testcase classname="backend.tests.test_shoehunter" name="test_check_runs_history" time="0.043" /><testcase classname="backend.tests.test_shoehunter" name="test_settings_read" time="0.043" /><testcase classname="backend.tests.test_shoehunter" name="test_scheduler_status" time="0.042" /><testcase classname="backend.tests.test_shoehunter" name="test_scheduler_toggle_and_restore" time="0.295" /><testcase classname="backend.tests.test_shoehunter" name="test_telegram_send" time="0.465" /><testcase classname="backend.tests.test_shoehunter" name="test_stores_list" time="0.045" /><testcase classname="backend.tests.test_shoehunter" name="test_ai_search" time="29.442" /><testcase classname="backend.tests.test_shoehunter" name="test_ai_coach_stream_and_history" time="7.272" /><testcase classname="backend.tests.test_shoehunter" name="test_profile_save_and_read" time="0.092" /><testcase classname="backend.tests.test_shoehunter" name="test_buy_advice_existing_product" time="0.183" /><testcase classname="backend.tests.test_shoehunter" name="test_buy_advice_new_product_returns_belirsiz" time="0.175" /><testcase classname="backend.tests.test_shoehunter" name="test_buy_advice_404" time="0.082" /><testcase classname="backend.tests.test_shoehunter" name="test_family_key_grouping" time="0.002" /><testcase classname="backend.tests.test_shoehunter" name="test_product_family_siblings" time="0.090" /><testcase classname="backend.tests.test_shoehunter" name="test_dashboard_deals" time="0.054" /><testcase classname="backend.tests.test_shoehunter" name="test_manual_price_flow_and_validation" time="0.289" /><testcase classname="backend.tests.test_shoehunter" name="test_manual_price_404" time="0.041" /><testcase classname="backend.tests.test_shoehunter" name="test_buy_advice_avg_30d_reasonable" time="0.311" /></testsuite></testsuites>